Base path: 'D:/WindowsFiles/ProgramFiles/Unity/Editor/2019.2.14f1/Editor/Data', plugins path 'D:/WindowsFiles/ProgramFiles/Unity/Editor/2019.2.14f1/Editor/Data/PlaybackEngines'
Cmd: initializeCompiler
Cmd: compileComputeKernel
  error: 1 plat 4 at Generic.compute(379): signed/unsigned mismatch, unsigned assumed
  error: 1 plat 4 at Generic.compute(392): signed/unsigned mismatch, unsigned assumed
  error: 1 plat 4 at Generic.compute(408): signed/unsigned mismatch, unsigned assumed
  api=4 insize=15451 outsize=1564 ok=1
Cmd: compileComputeKernel
  api=4 insize=9919 outsize=1863 ok=1
Cmd: compileComputeKernel
  api=4 insize=9919 outsize=1865 ok=1
Cmd: compileComputeKernel
  api=4 insize=23440 outsize=3501 ok=1
Cmd: compileComputeKernel
  error: 1 plat 4 at BarracudaReferenceImpl.compute(12): 'kernal' : unknown pragma ignored
  error: 1 plat 4 at BarracudaReferenceImpl.compute(1261): 'ix': loop control variable conflicts with a previous declaration in the outer scope; most recent declaration will be used
  api=4 insize=44328 outsize=1494 ok=1
Cmd: compileComputeKernel
  error: 1 plat 4 at BarracudaReferenceImpl.compute(12): 'kernal' : unknown pragma ignored
  error: 1 plat 4 at BarracudaReferenceImpl.compute(1261): 'ix': loop control variable conflicts with a previous declaration in the outer scope; most recent declaration will be used
  api=4 insize=44328 outsize=1379 ok=1
Cmd: compileComputeKernel
  error: 1 plat 4 at BarracudaReferenceImpl.compute(12): 'kernal' : unknown pragma ignored
  error: 1 plat 4 at BarracudaReferenceImpl.compute(1261): 'ix': loop control variable conflicts with a previous declaration in the outer scope; most recent declaration will be used
  api=4 insize=44328 outsize=1766 ok=1
Cmd: compileComputeKernel
  api=4 insize=28299 outsize=677 ok=1
Cmd: compileComputeKernel
  api=4 insize=28299 outsize=905 ok=1
Cmd: compileComputeKernel
  api=4 insize=28299 outsize=696 ok=1
Cmd: compileComputeKernel
  api=4 insize=28299 outsize=669 ok=1
Cmd: compileComputeKernel
  api=4 insize=28299 outsize=806 ok=1
Cmd: compileComputeKernel
  api=4 insize=28299 outsize=1482 ok=1
Cmd: compileComputeKernel
  api=4 insize=28299 outsize=1368 ok=1
Cmd: compileComputeKernel
  api=4 insize=28299 outsize=1296 ok=1
Cmd: compileComputeKernel
  api=4 insize=28299 outsize=1206 ok=1
Cmd: compileComputeKernel
  api=4 insize=28299 outsize=1372 ok=1
