Base path: 'D:/WindowsFiles/ProgramFiles/Unity/Editor/2019.2.14f1/Editor/Data', plugins path 'D:/WindowsFiles/ProgramFiles/Unity/Editor/2019.2.14f1/Editor/Data/PlaybackEngines'
Cmd: initializeCompiler
Cmd: compileComputeKernel
  error: 1 plat 4 at Generic.compute(379): signed/unsigned mismatch, unsigned assumed
  error: 1 plat 4 at Generic.compute(392): signed/unsigned mismatch, unsigned assumed
  error: 1 plat 4 at Generic.compute(408): signed/unsigned mismatch, unsigned assumed
  api=4 insize=15451 outsize=2030 ok=1
Cmd: compileComputeKernel
  api=4 insize=64076 outsize=2569 ok=1
Cmd: compileComputeKernel
  api=4 insize=9919 outsize=1835 ok=1
Cmd: compileComputeKernel
  api=4 insize=9919 outsize=2009 ok=1
Cmd: compileComputeKernel
  api=4 insize=23440 outsize=2627 ok=1
Cmd: compileComputeKernel
  error: 1 plat 4 at BarracudaReferenceImpl.compute(12): 'kernal' : unknown pragma ignored
  error: 1 plat 4 at BarracudaReferenceImpl.compute(1261): 'ix': loop control variable conflicts with a previous declaration in the outer scope; most recent declaration will be used
  api=4 insize=44328 outsize=2583 ok=1
Cmd: compileComputeKernel
  error: 1 plat 4 at BarracudaReferenceImpl.compute(12): 'kernal' : unknown pragma ignored
  error: 1 plat 4 at BarracudaReferenceImpl.compute(1261): 'ix': loop control variable conflicts with a previous declaration in the outer scope; most recent declaration will be used
  api=4 insize=44328 outsize=1416 ok=1
Cmd: compileComputeKernel
  error: 1 plat 4 at BarracudaReferenceImpl.compute(12): 'kernal' : unknown pragma ignored
  error: 1 plat 4 at BarracudaReferenceImpl.compute(1261): 'ix': loop control variable conflicts with a previous declaration in the outer scope; most recent declaration will be used
  api=4 insize=44328 outsize=1295 ok=1
Cmd: compileComputeKernel
  error: 1 plat 4 at BarracudaReferenceImpl.compute(12): 'kernal' : unknown pragma ignored
  error: 1 plat 4 at BarracudaReferenceImpl.compute(1261): 'ix': loop control variable conflicts with a previous declaration in the outer scope; most recent declaration will be used
  api=4 insize=44328 outsize=1667 ok=1
Cmd: compileComputeKernel
  error: 1 plat 4 at BarracudaReferenceImpl.compute(12): 'kernal' : unknown pragma ignored
  error: 1 plat 4 at BarracudaReferenceImpl.compute(1261): 'ix': loop control variable conflicts with a previous declaration in the outer scope; most recent declaration will be used
  api=4 insize=44328 outsize=1344 ok=1
Cmd: compileComputeKernel
  error: 1 plat 4 at BarracudaReferenceImpl.compute(12): 'kernal' : unknown pragma ignored
  error: 1 plat 4 at BarracudaReferenceImpl.compute(1261): 'ix': loop control variable conflicts with a previous declaration in the outer scope; most recent declaration will be used
  api=4 insize=44328 outsize=1296 ok=1
Cmd: compileComputeKernel
  error: 1 plat 4 at BarracudaReferenceImpl.compute(12): 'kernal' : unknown pragma ignored
  error: 1 plat 4 at BarracudaReferenceImpl.compute(1261): 'ix': loop control variable conflicts with a previous declaration in the outer scope; most recent declaration will be used
  api=4 insize=44328 outsize=1372 ok=1
Cmd: compileComputeKernel
  error: 1 plat 4 at BarracudaReferenceImpl.compute(12): 'kernal' : unknown pragma ignored
  error: 1 plat 4 at BarracudaReferenceImpl.compute(1261): 'ix': loop control variable conflicts with a previous declaration in the outer scope; most recent declaration will be used
  api=4 insize=44328 outsize=1831 ok=1
Cmd: compileComputeKernel
  error: 1 plat 4 at BarracudaReferenceImpl.compute(12): 'kernal' : unknown pragma ignored
  error: 1 plat 4 at BarracudaReferenceImpl.compute(1261): 'ix': loop control variable conflicts with a previous declaration in the outer scope; most recent declaration will be used
  api=4 insize=44328 outsize=1831 ok=1
Cmd: compileComputeKernel
  error: 1 plat 4 at BarracudaReferenceImpl.compute(12): 'kernal' : unknown pragma ignored
  error: 1 plat 4 at BarracudaReferenceImpl.compute(1261): 'ix': loop control variable conflicts with a previous declaration in the outer scope; most recent declaration will be used
  api=4 insize=44328 outsize=1860 ok=1
Cmd: compileComputeKernel
  error: 1 plat 4 at BarracudaReferenceImpl.compute(12): 'kernal' : unknown pragma ignored
  error: 1 plat 4 at BarracudaReferenceImpl.compute(1261): 'ix': loop control variable conflicts with a previous declaration in the outer scope; most recent declaration will be used
  api=4 insize=44328 outsize=2010 ok=1
Cmd: compileComputeKernel
  error: 1 plat 4 at BarracudaReferenceImpl.compute(12): 'kernal' : unknown pragma ignored
  error: 1 plat 4 at BarracudaReferenceImpl.compute(1261): 'ix': loop control variable conflicts with a previous declaration in the outer scope; most recent declaration will be used
  api=4 insize=44328 outsize=1326 ok=1
Cmd: compileComputeKernel
  error: 1 plat 4 at BarracudaReferenceImpl.compute(12): 'kernal' : unknown pragma ignored
  error: 1 plat 4 at BarracudaReferenceImpl.compute(1261): 'ix': loop control variable conflicts with a previous declaration in the outer scope; most recent declaration will be used
  api=4 insize=44328 outsize=1465 ok=1
Cmd: compileComputeKernel
  api=4 insize=4053 outsize=1700 ok=1
Cmd: compileComputeKernel
  api=4 insize=28299 outsize=801 ok=1
Cmd: compileComputeKernel
  api=4 insize=28299 outsize=849 ok=1
Cmd: compileComputeKernel
  api=4 insize=28299 outsize=791 ok=1
Cmd: compileComputeKernel
  api=4 insize=28299 outsize=754 ok=1
Cmd: compileComputeKernel
  api=4 insize=28299 outsize=867 ok=1
Cmd: compileComputeKernel
  api=4 insize=28299 outsize=1283 ok=1
Cmd: compileComputeKernel
  api=4 insize=28299 outsize=1469 ok=1
Cmd: compileComputeKernel
  api=4 insize=28299 outsize=1291 ok=1
Cmd: compileComputeKernel
  api=4 insize=28299 outsize=1233 ok=1
Cmd: compileComputeKernel
  api=4 insize=28299 outsize=1331 ok=1
